[00:11:14] [Craft Scheduler Thread - 1247/INFO]: [Metrics] Connection timed out (Connection timed out)
[00:31:14] [Craft Scheduler Thread - 1252/INFO]: [Metrics] Connection timed out (Connection timed out)
[00:41:14] [Craft Scheduler Thread - 1254/INFO]: [Metrics] Connection timed out (Connection timed out)
[01:01:14] [Craft Scheduler Thread - 1259/INFO]: [Metrics] Connection timed out (Connection timed out)
[01:11:14] [Craft Scheduler Thread - 1261/INFO]: [Metrics] Connection timed out (Connection timed out)
[01:31:15] [Craft Scheduler Thread - 1266/INFO]: [Metrics] Connection timed out (Connection timed out)
[01:51:15] [Craft Scheduler Thread - 1270/INFO]: [Metrics] Connection timed out (Connection timed out)
[02:51:15] [Craft Scheduler Thread - 1284/INFO]: [Metrics] Connection timed out (Connection timed out)
[03:01:15] [Craft Scheduler Thread - 1287/INFO]: [Metrics] Connection timed out (Connection timed out)
[03:11:15] [Craft Scheduler Thread - 1289/INFO]: [Metrics] Connection timed out (Connection timed out)
[03:41:15] [Craft Scheduler Thread - 1296/INFO]: [Metrics] Connection timed out (Connection timed out)
[03:51:15] [Craft Scheduler Thread - 1298/INFO]: [Metrics] Connection timed out (Connection timed out)
[04:01:16] [Craft Scheduler Thread - 1301/INFO]: [Metrics] Connection timed out (Connection timed out)
[04:51:16] [Craft Scheduler Thread - 1312/INFO]: [Metrics] Connection timed out (Connection timed out)
[05:01:16] [Craft Scheduler Thread - 1315/INFO]: [Metrics] Connection timed out (Connection timed out)
[05:11:16] [Craft Scheduler Thread - 1317/INFO]: [Metrics] Connection timed out (Connection timed out)
[05:21:16] [Craft Scheduler Thread - 1319/INFO]: [Metrics] Connection timed out (Connection timed out)
[05:31:16] [Craft Scheduler Thread - 1322/INFO]: [Metrics] Connection timed out (Connection timed out)
[05:41:16] [Craft Scheduler Thread - 1324/INFO]: [Metrics] Connection timed out (Connection timed out)
[06:51:17] [Craft Scheduler Thread - 1340/INFO]: [Metrics] Connection timed out (Connection timed out)
[07:11:19] [Craft Scheduler Thread - 1345/INFO]: [Metrics] Connection timed out (Connection timed out)
[07:21:19] [Craft Scheduler Thread - 1347/INFO]: [Metrics] Connection timed out (Connection timed out)
[07:31:19] [Craft Scheduler Thread - 1350/INFO]: [Metrics] Connection timed out (Connection timed out)
[08:11:31] [Craft Scheduler Thread - 1359/INFO]: [Metrics] Connection timed out (Connection timed out)
[08:21:20] [Craft Scheduler Thread - 1361/INFO]: [Metrics] Connection timed out (Connection timed out)
[08:50:17] [Server thread/WARN]: java.io.IOException: No space left on device
[08:50:17] [Server thread/WARN]: 	at java.io.FileOutputStream.writeBytes(Native Method)
[08:50:17] [Server thread/WARN]: 	at java.io.FileOutputStream.write(FileOutputStream.java:313)
[08:50:17] [Server thread/WARN]: 	at java.util.zip.GZIPOutputStream.writeHeader(GZIPOutputStream.java:182)
[08:50:17] [Server thread/WARN]: 	at java.util.zip.GZIPOutputStream.<init>(GZIPOutputStream.java:94)
[08:50:17] [Server thread/WARN]: 	at java.util.zip.GZIPOutputStream.<init>(GZIPOutputStream.java:109)
[08:50:17] [Server thread/WARN]: 	at net.minecraft.server.v1_8_R3.NBTCompressedStreamTools.a(NBTCompressedStreamTools.java:32)
[08:50:17] [Server thread/WARN]: 	at net.minecraft.server.v1_8_R3.PersistentCollection.a(PersistentCollection.java:101)
[08:50:17] [Server thread/WARN]: 	at net.minecraft.server.v1_8_R3.PersistentCollection.a(PersistentCollection.java:80)
[08:50:17] [Server thread/WARN]: 	at net.minecraft.server.v1_8_R3.WorldServer.a(WorldServer.java:963)
[08:50:17] [Server thread/WARN]: 	at net.minecraft.server.v1_8_R3.WorldServer.save(WorldServer.java:923)
[08:50:17] [Server thread/WARN]: 	at org.bukkit.craftbukkit.v1_8_R3.CraftWorld.save(CraftWorld.java:753)
[08:50:17] [Server thread/WARN]: 	at net.minecraft.server.v1_8_R3.MinecraftServer.A(MinecraftServer.java:679)
[08:50:17] [Server thread/WARN]: 	at net.minecraft.server.v1_8_R3.MinecraftServer.run(MinecraftServer.java:557)
[08:50:17] [Server thread/WARN]: 	at java.lang.Thr[13:21:24] [Craft Scheduler Thread - 1431/INFO]: [Metrics] Connection timed out (Connection timed out)
[13:31:24] [Craft Scheduler Thread - 1434/INFO]: [Metrics] Connection timed out (Connection timed out)
[13:41:24] [Craft Scheduler Thread - 1436/INFO]: [Metrics] Connection timed out (Connection timed out)
[13:51:24] [Craft Scheduler Thread - 1438/INFO]: [Metrics] Connection timed out (Connection timed out)
[13:55:21] [Server thread/WARN]: java.io.IOException: No space left on device
[13:55:21] [Server thread/WARN]: 	at java.io.FileOutputStream.writeBytes(Native Method)
[13:55:21] [Server thread/WARN]: 	at java.io.FileOutputStream.write(FileOutputStream.java:313)
[13:55:21] [Server thread/WARN]: 	at java.util.zip.GZIPOutputStream.writeHeader(GZIPOutputStream.java:182)
[13:55:21] [Server thread/WARN]: 	at java.util.zip.GZIPOutputStream.<init>(GZIPOutputStream.java:94)
[13:55:21] [Server thread/WARN]: 	at java.util.zip.GZIPOutputStream.<init>(GZIPOutputStream.java:109)
[13:55:21] [Server thread/WARN]: 	at net.minecraft.server.v1_8_R3.NBTCompressedStreamTools.a(NBTCompressedStreamTools.java:32)
[13:55:21] [Server thread/WARN]: 	at net.minecraft.server.v1_8_R3.PersistentCollection.a(PersistentCollection.java:101)
[13:55:21] [Server thread/WARN]: 	at net.minecraft.server.v1_8_R3.PersistentCollection.a(PersistentCollection.java:80)
[13:55:21] [Server thread/WARN]: 	at net.minecraft.server.v1_8_R3.WorldServer.a(WorldServer.java:963)
[13:55:21] [Server thread/WARN]: 	at net.minecraft.server.v1_8_R3.WorldServer.save(WorldServer.java:923)
[13:55:21] [Server thread/WARN]: 	at org.bukkit.craftbukkit.v1_8_R3.CraftWorld.save(CraftWorld.java:753)
[13:55:21] [Server thread/WARN]: 	at net.minecraft.server.v1_8_R3.MinecraftServer.A(MinecraftServer.java:679)
[13:55:21] [Server thread/WARN]: 	at net.minecraft.server.v1_8_R3.MinecraftServer.run(MinecraftServer.java:557)
[13:55:21] [Server thread/WARN]: 	at java.lang.Thread.run(Thread.java:748)
[13:55:21] [Server thread/WARN]: java.io.IOException: No space left on device
[13:55:21] [Server thread/WARN]: 	at java.io.FileOutputStream.writeBytes(Native Method)
[13:55:21] [Server thread/WARN]: 	at java.io.FileOutputStream.write(FileOutputStream.java:313)
[13:55:21] [Server thread/WARN]: 	at java.util.zip.GZIPOutputStream.writeHeader(GZIPOutputStream.java:182)
[13:55:21] [Server thread/WARN]: 	at java.util.zip.GZIPOutputStream.<init>(GZIPOutputStream.java:94)
[13:55:21] [Server thread/WARN]: 	at java.util.zip.GZIPOutputStream.<init>(GZIPOutputStream.java:109)
[13:55:21] [Server thread/WARN]: 	at net.minecraft.server.v1_8_R3.NBTCompressedStreamTools.a(NBTCompressedStreamTools.java:32)
[13:55:21] [Server thread/WARN]: 	at net.minecraft.server.v1_8_R3.WorldNBTStorage.saveWorldData(WorldNBTStorage.java:127)
[13:55:21] [Server thread/WARN]: 	at net.minecraft.server.v1_8_R3.ServerNBTManager.saveWorldData(SourceFile:43)
[13:55:21] [Server thread/WARN]: 	at net.minecraft.server.v1_8_R3.WorldServer.a(WorldServer.java:965)
[13:55:21] [Server thread/WARN]: 	at net.minecraft.server.v1_8_R3.WorldServer.save(WorldServer.java:923)
[13:55:21] [Server thread/WARN]: 	at org.bukkit.craftbukkit.v1_8_R3.CraftWorld.save(CraftWorld.java:753)
[13:55:21] [Server thread/WARN]: 	at net.minecraft.server.v1_8_R3.MinecraftServer.A(MinecraftServer.java:679)
[13:55:21] [Server thread/WARN]: 	at net.minecraft.server.v1_8_R3.MinecraftServer.run(MinecraftServer.java:557)
[13:55:21] [Server thread/WARN]: 	at java.lang.Thread.run(Thread.java:748)
[13:55:21] [Server thread/WARN]: java.io.IOException: No space left on device
[13:55:21] [Server thread/WARN]: 	at java.io.FileOutputStream.writeBytes(Native Method)
[13:55:21] [Server thread/WARN]: 	at java.io.FileOutputStream.write(FileOutputStream.java:313)
[13:55:21] [Server thread/WARN]: 	at java.util.zip.GZIPOutputStream.writeHeader(GZIPOutputStream.java:182)
[13:55:21] [Server thread/WARN]: 	at java.util.zip.GZIPOutputStream.<init>(GZIPOutputStream.java:94)
[13:55:21] [Server thread/WARN]: 	at java.util.zip.GZIPOutputStream.<init>(GZIPOutputStream.java:109)
[13:55:21] [Server thread/